{
  "RSpec": {
    "coverage": {
      "/Users/vladtodorchuk/Desktop/RubyGarage/Tasks/Task 6/BookStore/spec/decorators/book_decorator_spec.rb": {
        "lines": [
          1,
          null,
          1,
          3,
          null,
          1,
          null,
          2,
          null,
          null,
          null,
          1,
          null,
          2,
          null,
          null,
          null,
          3,
          null,
          1,
          1,
          null,
          null,
          1,
          1,
          null,
          null
        ]
      },
      "/Users/vladtodorchuk/Desktop/RubyGarage/Tasks/Task 6/BookStore/spec/rails_helper.rb": {
        "lines": [
          1,
          1,
          1,
          1,
          1,
          1,
          null,
          1,
          1,
          null,
          null,
          1,
          null,
          0,
          0,
          null,
          null,
          1,
          1,
          1,
          1,
          1,
          null
        ]
      },
      "/Users/vladtodorchuk/Desktop/RubyGarage/Tasks/Task 6/BookStore/config/environment.rb": {
        "lines": [
          null,
          1,
          null,
          null,
          1
        ]
      },
      "/Users/vladtodorchuk/Desktop/RubyGarage/Tasks/Task 6/BookStore/config/application.rb": {
        "lines": [
          1,
          null,
          1,
          null,
          null,
          null,
          1,
          null,
          1,
          1,
          null,
          1,
          null,
          null,
          null,
          null,
          null,
          null,
          null,
          null,
          null,
          null
        ]
      },
      "/Users/vladtodorchuk/Desktop/RubyGarage/Tasks/Task 6/BookStore/config/boot.rb": {
        "lines": [
          1,
          null,
          1,
          1
        ]
      },
      "/Users/vladtodorchuk/Desktop/RubyGarage/Tasks/Task 6/BookStore/config/environments/test.rb": {
        "lines": [
          1,
          null,
          null,
          null,
          null,
          null,
          null,
          1,
          null,
          null,
          1,
          1,
          null,
          null,
          null,
          null,
          1,
          null,
          null,
          1,
          1,
          null,
          null,
          null,
          null,
          1,
          1,
          1,
          null,
          null,
          1,
          null,
          null,
          1,
          null,
          null,
          1,
          null,
          1,
          null,
          null,
          null,
          null,
          1,
          null,
          null,
          1,
          null,
          null,
          1,
          null,
          null,
          1,
          null,
          null,
          null,
          null,
          null,
          null,
          null
        ]
      },
      "/Users/vladtodorchuk/Desktop/RubyGarage/Tasks/Task 6/BookStore/config/initializers/application_controller_renderer.rb": {
        "lines": [
          null,
          null,
          null,
          null,
          null,
          null,
          null,
          null
        ]
      },
      "/Users/vladtodorchuk/Desktop/RubyGarage/Tasks/Task 6/BookStore/config/initializers/assets.rb": {
        "lines": [
          null,
          null,
          null,
          1,
          null,
          null,
          null,
          null,
          1,
          null,
          null,
          null,
          null,
          null
        ]
      },
      "/Users/vladtodorchuk/Desktop/RubyGarage/Tasks/Task 6/BookStore/config/initializers/backtrace_silencers.rb": {
        "lines": [
          null,
          null,
          null,
          null,
          null,
          null,
          null,
          1
        ]
      },
      "/Users/vladtodorchuk/Desktop/RubyGarage/Tasks/Task 6/BookStore/config/initializers/content_security_policy.rb": {
        "lines": [
          null,
          null,
          null,
          null,
          null,
          null,
          null,
          null,
          null,
          null,
          null,
          null,
          null,
          null,
          null,
          null,
          null,
          null,
          null,
          null,
          null,
          null,
          null,
          null,
          null,
          null,
          null,
          null,
          null,
          null
        ]
      },
      "/Users/vladtodorchuk/Desktop/RubyGarage/Tasks/Task 6/BookStore/config/initializers/cookies_serializer.rb": {
        "lines": [
          null,
          null,
          null,
          null,
          1
        ]
      },
      "/Users/vladtodorchuk/Desktop/RubyGarage/Tasks/Task 6/BookStore/config/initializers/filter_parameter_logging.rb": {
        "lines": [
          null,
          null,
          null,
          1,
          null,
          null
        ]
      },
      "/Users/vladtodorchuk/Desktop/RubyGarage/Tasks/Task 6/BookStore/config/initializers/inflections.rb": {
        "lines": [
          null,
          null,
          null,
          null,
          null,
          null,
          null,
          null,
          null,
          null,
          null,
          null,
          null,
          null,
          null,
          null
        ]
      },
      "/Users/vladtodorchuk/Desktop/RubyGarage/Tasks/Task 6/BookStore/config/initializers/mime_types.rb": {
        "lines": [
          null,
          null,
          null,
          null
        ]
      },
      "/Users/vladtodorchuk/Desktop/RubyGarage/Tasks/Task 6/BookStore/config/initializers/permissions_policy.rb": {
        "lines": [
          null,
          null,
          null,
          null,
          null,
          null,
          null,
          null,
          null,
          null,
          null
        ]
      },
      "/Users/vladtodorchuk/Desktop/RubyGarage/Tasks/Task 6/BookStore/config/initializers/wrap_parameters.rb": {
        "lines": [
          null,
          null,
          null,
          null,
          null,
          null,
          1,
          2,
          null,
          null,
          null,
          null,
          null,
          null
        ]
      },
      "/Users/vladtodorchuk/Desktop/RubyGarage/Tasks/Task 6/BookStore/spec/factories/authors.rb": {
        "lines": [
          1,
          1,
          1,
          1,
          null,
          null
        ]
      },
      "/Users/vladtodorchuk/Desktop/RubyGarage/Tasks/Task 6/BookStore/spec/factories/authors_books.rb": {
        "lines": [
          1,
          1,
          1,
          1,
          null,
          null
        ]
      },
      "/Users/vladtodorchuk/Desktop/RubyGarage/Tasks/Task 6/BookStore/spec/factories/books.rb": {
        "lines": [
          1,
          1,
          3,
          3,
          3,
          3,
          3,
          3,
          3,
          null,
          null
        ]
      },
      "/Users/vladtodorchuk/Desktop/RubyGarage/Tasks/Task 6/BookStore/spec/factories/books_category.rb": {
        "lines": [
          1,
          1,
          1,
          1,
          null,
          null
        ]
      },
      "/Users/vladtodorchuk/Desktop/RubyGarage/Tasks/Task 6/BookStore/spec/factories/categories.rb": {
        "lines": [
          1,
          1,
          1,
          null,
          null
        ]
      },
      "/Users/vladtodorchuk/Desktop/RubyGarage/Tasks/Task 6/BookStore/config/routes.rb": {
        "lines": [
          1,
          1,
          null,
          1,
          null
        ]
      },
      "/Users/vladtodorchuk/Desktop/RubyGarage/Tasks/Task 6/BookStore/app/helpers/application_helper.rb": {
        "lines": [
          1,
          1,
          null
        ]
      },
      "/Users/vladtodorchuk/Desktop/RubyGarage/Tasks/Task 6/BookStore/spec/support/configs/shoulda_matcher.rb": {
        "lines": [
          1,
          1,
          1,
          null,
          null,
          1,
          1,
          null,
          null
        ]
      },
      "/Users/vladtodorchuk/Desktop/RubyGarage/Tasks/Task 6/BookStore/spec/support/configs/capybara.rb": {
        "lines": [
          1,
          1,
          1,
          1,
          1,
          1,
          null,
          null,
          1,
          0,
          0,
          0,
          0,
          null,
          0,
          0,
          0,
          0,
          0,
          0,
          0,
          null,
          0,
          null,
          null,
          null,
          null,
          null,
          null
        ]
      },
      "/Users/vladtodorchuk/Desktop/RubyGarage/Tasks/Task 6/BookStore/app/decorators/book_decorator.rb": {
        "lines": [
          1,
          1,
          1,
          null,
          1,
          0,
          null,
          null,
          1,
          null,
          1,
          1,
          null,
          null,
          1,
          1,
          null,
          null
        ]
      },
      "/Users/vladtodorchuk/Desktop/RubyGarage/Tasks/Task 6/BookStore/app/models/book.rb": {
        "lines": [
          1,
          1,
          1,
          null,
          1,
          1,
          null,
          1,
          1,
          1,
          1,
          null,
          null
        ]
      },
      "/Users/vladtodorchuk/Desktop/RubyGarage/Tasks/Task 6/BookStore/app/models/application_record.rb": {
        "lines": [
          1,
          1,
          null
        ]
      },
      "/Users/vladtodorchuk/Desktop/RubyGarage/Tasks/Task 6/BookStore/app/models/author.rb": {
        "lines": [
          1,
          1,
          1,
          null,
          1,
          1,
          null
        ]
      },
      "/Users/vladtodorchuk/Desktop/RubyGarage/Tasks/Task 6/BookStore/app/models/category.rb": {
        "lines": [
          1,
          1,
          1,
          null,
          1,
          null
        ]
      },
      "/Users/vladtodorchuk/Desktop/RubyGarage/Tasks/Task 6/BookStore/app/models/authors_book.rb": {
        "lines": [
          1,
          1,
          1,
          null,
          1,
          null
        ]
      },
      "/Users/vladtodorchuk/Desktop/RubyGarage/Tasks/Task 6/BookStore/app/models/books_category.rb": {
        "lines": [
          1,
          1,
          1,
          null,
          1,
          null
        ]
      },
      "/Users/vladtodorchuk/Desktop/RubyGarage/Tasks/Task 6/BookStore/app/decorators/author_decorator.rb": {
        "lines": [
          1,
          1,
          null,
          1,
          2,
          null,
          null
        ]
      },
      "/Users/vladtodorchuk/Desktop/RubyGarage/Tasks/Task 6/BookStore/app/decorators/category_decorator.rb": {
        "lines": [
          1,
          1,
          null,
          null,
          null
        ]
      }
    },
    "timestamp": 1662449769
  }
}
